<?xml version="1.0" encoding="utf-8"?><testsuites name="pytest tests"><testsuite name="pytest" errors="0" failures="0" skipped="0" tests="45" time="75.866" timestamp="2026-07-11T19:08:43.337531+00:00" hostname="agent-env-a6006092-e371-429c-8133-bc86e8ac136c"><testcase classname="tests.backend_test.TestAuth" name="test_login_ok" time="0.724" /><testcase classname="tests.backend_test.TestOrganizations" name="test_meta" time="1.094" /><testcase classname="tests.backend_test.TestAuth" name="test_login_second_admin" time="0.369" /><testcase classname="tests.backend_test.TestAuth" name="test_login_bad_password" time="0.117" /><testcase classname="tests.backend_test.TestOrganizations" name="test_list" time="0.141" /><testcase classname="tests.backend_test.TestAuth" name="test_protected_requires_token" time="0.097" /><testcase classname="tests.backend_test.TestOrganizations" name="test_search_filter" time="0.140" /><testcase classname="tests.backend_test.TestOrganizations" name="test_filter_dnc" time="0.310" /><testcase classname="tests.backend_test.TestAuth" name="test_me_with_token" time="0.495" /><testcase classname="tests.backend_test.TestOrganizations" name="test_status_change_and_persist" time="0.504" /><testcase classname="tests.backend_test.TestAuth" name="test_login_journal" time="0.115" /><testcase classname="tests.backend_test.TestAuth" name="test_brute_force_lockout" time="39.416" /><testcase classname="tests.backend_test.TestOrganizations" name="test_dnc_cancels_queue" time="1.096" /><testcase classname="tests.backend_test.TestOrganizations" name="test_bulk_status" time="70.139" /><testcase classname="tests.backend_test.TestExports" name="test_export_all" time="0.365" /><testcase classname="tests.backend_test.TestExports" name="test_export_dnc" time="0.117" /><testcase classname="tests.backend_test.TestExports" name="test_export_messages" time="0.114" /><testcase classname="tests.backend_test.TestExports" name="test_export_filtered" time="0.128" /><testcase classname="tests.backend_test.TestExports" name="test_export_rejections" time="0.121" /><testcase classname="tests.backend_test.TestExports" name="test_export_errors" time="0.136" /><testcase classname="tests.backend_test.TestQueue" name="test_enqueue_skips_dnc_and_duplicates" time="0.910" /><testcase classname="tests.backend_test.TestQueue" name="test_global_stop_blocks_processing" time="0.594" /><testcase classname="tests.backend_test.TestQueue" name="test_process_sends_and_updates_org" time="0.884" /><testcase classname="tests.backend_test.TestQueue" name="test_clear_pending_and_retry" time="0.237" /><testcase classname="tests.backend_test.TestIntegrations" name="test_telegram_status" time="0.104" /><testcase classname="tests.backend_test.TestIntegrations" name="test_telegram_connect_disconnect" time="4.578" /><testcase classname="tests.backend_test.TestIntegrations" name="test_telegram_test_requires_connected" time="1.483" /><testcase classname="tests.backend_test.TestIntegrations" name="test_email_test" time="0.113" /><testcase classname="tests.backend_test.TestAdmins" name="test_list_admins" time="0.100" /><testcase classname="tests.backend_test.TestAdmins" name="test_create_delete_admin" time="0.426" /><testcase classname="tests.backend_test.TestAdmins" name="test_change_password_bad_current" time="0.335" /><testcase classname="tests.backend_test.TestAdmins" name="test_sessions_list" time="0.112" /><testcase classname="tests.backend_test.TestTemplates" name="test_list_templates" time="0.107" /><testcase classname="tests.backend_test.TestTemplates" name="test_crud_template_and_preview" time="0.525" /><testcase classname="tests.backend_test.TestTemplates" name="test_empty_body_rejected" time="0.105" /><testcase classname="tests.backend_test.TestBackups" name="test_create_list_download" time="1.386" /><testcase classname="tests.backend_test.TestBackups" name="test_restore_requires_confirm" time="5.343" /><testcase classname="tests.backend_test.TestDashboard" name="test_dashboard" time="0.140" /><testcase classname="tests.backend_test.TestReplies" name="test_simulate_reply_flow" time="0.717" /><testcase classname="tests.backend_test.TestDuplicates" name="test_list" time="0.109" /><testcase classname="tests.backend_test.TestSettings" name="test_get_and_put" time="0.298" /><testcase classname="tests.backend_test.TestImports" name="test_full_import_flow_new_org" time="0.581" /><testcase classname="tests.backend_test.TestImports" name="test_phone_normalization_dedup" time="0.629" /><testcase classname="tests.backend_test.TestImports" name="test_reimport_preserves_dnc_and_status" time="0.506" /><testcase classname="tests.backend_test.TestImports" name="test_analyze_requires_name_mapping" time="0.207" /></testsuite></testsuites>