<?xml version="1.0" encoding="utf-8"?><testsuites name="pytest tests"><testsuite name="pytest" errors="0" failures="1" skipped="0" tests="53" time="101.334" timestamp="2026-07-12T11:24:32.213726+00:00" hostname="agent-env-a6006092-e371-429c-8133-bc86e8ac136c"><testcase classname="tests.backend_test.TestAuth" name="test_login_ok" time="0.710" /><testcase classname="tests.backend_test.TestIntegrations" name="test_telegram_status_not_configured_not_connected" time="1.172" /><testcase classname="tests.backend_test.TestAuth" name="test_login_second_admin" time="0.324" /><testcase classname="tests.backend_test.TestAuth" name="test_login_bad_password" time="0.088" /><testcase classname="tests.backend_test.TestAuth" name="test_protected_requires_token" time="0.096" /><testcase classname="tests.backend_test.TestIntegrations" name="test_telegram_login_start_no_api_keys" time="0.094" /><testcase classname="tests.backend_test.TestIntegrations" name="test_telegram_test_requires_session" time="0.440" /><testcase classname="tests.backend_test.TestAuth" name="test_me_with_token" time="0.462" /><testcase classname="tests.backend_test.TestAuth" name="test_login_journal" time="0.098" /><testcase classname="tests.backend_test.TestIntegrations" name="test_telegram_send_requires_session" time="0.239" /><testcase classname="tests.backend_test.TestAuth" name="test_brute_force_lockout" time="2.062" /><testcase classname="tests.backend_test.TestIntegrations" name="test_telegram_check_replies_requires_session" time="0.192" /><testcase classname="tests.backend_test.TestIntegrations" name="test_telegram_disconnect_ok" time="0.137" /><testcase classname="tests.backend_test.TestIntegrations" name="test_email_status_not_configured" time="0.474" /><testcase classname="tests.backend_test.TestIntegrations" name="test_email_test_no_api_key" time="0.135" /><testcase classname="tests.backend_test.TestIntegrations" name="test_email_send_org_without_email" time="0.310" /><testcase classname="tests.backend_test.TestIntegrations" name="test_email_send_dnc_org" time="0.189" /><testcase classname="tests.backend_test.TestIntegrations" name="test_email_send_no_api_key_returns_503" time="0.501" /><testcase classname="tests.backend_test.TestOrganizations" name="test_meta" time="0.100" /><testcase classname="tests.backend_test.TestExports" name="test_export_all" time="0.273" /><testcase classname="tests.backend_test.TestOrganizations" name="test_list" time="0.220" /><testcase classname="tests.backend_test.TestExports" name="test_export_dnc" time="2.158" /><testcase classname="tests.backend_test.TestOrganizations" name="test_search_filter" time="0.097" /><testcase classname="tests.backend_test.TestOrganizations" name="test_filter_dnc" time="0.121" /><testcase classname="tests.backend_test.TestOrganizations" name="test_status_change_and_persist" time="0.397" /><testcase classname="tests.backend_test.TestOrganizations" name="test_dnc_cancels_queue" time="0.806" /><testcase classname="tests.backend_test.TestOrganizations" name="test_bulk_status" time="0.910" /><testcase classname="tests.backend_test.TestExports" name="test_export_messages" time="0.106" /><testcase classname="tests.backend_test.TestExports" name="test_export_filtered" time="0.099" /><testcase classname="tests.backend_test.TestImports" name="test_full_import_flow_new_org" time="0.507" /><testcase classname="tests.backend_test.TestExports" name="test_export_rejections" time="0.105" /><testcase classname="tests.backend_test.TestExports" name="test_export_errors" time="0.107" /><testcase classname="tests.backend_test.TestQueue" name="test_enqueue_skips_dnc_and_duplicates" time="0.704"><failure message="AssertionError: {'added': 0, 'skipped': 2}&#10;assert (0 == 1)">backend/tests/backend_test.py:354: in test_enqueue_skips_dnc_and_duplicates
    assert j["added"] == 1 and j["skipped"] == 1, j
E   AssertionError: {'added': 0, 'skipped': 2}
E   assert (0 == 1)</failure></testcase><testcase classname="tests.backend_test.TestImports" name="test_phone_normalization_dedup" time="0.627" /><testcase classname="tests.backend_test.TestQueue" name="test_global_stop_blocks_processing" time="0.307" /><testcase classname="tests.backend_test.TestImports" name="test_reimport_preserves_dnc_and_status" time="0.565" /><testcase classname="tests.backend_test.TestQueue" name="test_process_sends_and_updates_org" time="1.086" /><testcase classname="tests.backend_test.TestImports" name="test_analyze_requires_name_mapping" time="0.244" /><testcase classname="tests.backend_test.TestAdmins" name="test_list_admins" time="0.103" /><testcase classname="tests.backend_test.TestAdmins" name="test_create_delete_admin" time="0.408" /><testcase classname="tests.backend_test.TestQueue" name="test_clear_pending_and_retry" time="0.415" /><testcase classname="tests.backend_test.TestAdmins" name="test_change_password_bad_current" time="0.322" /><testcase classname="tests.backend_test.TestAdmins" name="test_sessions_list" time="19.799" /><testcase classname="tests.backend_test.TestTemplates" name="test_list_templates" time="68.523" /><testcase classname="tests.backend_test.TestBackups" name="test_create_list_download" time="13.702" /><testcase classname="tests.backend_test.TestBackups" name="test_restore_requires_confirm" time="0.195" /><testcase classname="tests.backend_test.TestDashboard" name="test_dashboard" time="0.111" /><testcase classname="tests.backend_test.TestReplies" name="test_simulate_reply_flow" time="0.784" /><testcase classname="tests.backend_test.TestDuplicates" name="test_list" time="0.103" /><testcase classname="tests.backend_test.TestSettings" name="test_get_and_put" time="35.975" /><testcase classname="tests.backend_test.TestTemplates" name="test_crud_template_and_preview" time="0.490" /><testcase classname="tests.backend_test.TestTemplates" name="test_empty_body_rejected" time="0.093" /><testcase classname="tests.backend_test.TestNoBackgroundWorker" name="test_worker_does_not_auto_send" time="20.808" /></testsuite></testsuites>